<?xml version="1.0" encoding="UTF-8"?>
<!-- Generated by org.testng.reporters.JUnitReportReporter -->
<testsuite hostname="HRST-RD32" failures="0" tests="2" name="rahulshettyacademy.tests.ErrorValidation" time="14.053" errors="0" timestamp="2023-10-24T12:26:03 CEST" skipped="0">
  <testcase classname="rahulshettyacademy.tests.ErrorValidation" name="ProductErrorValidation" time="6.793"/>
  <testcase classname="rahulshettyacademy.tests.ErrorValidation" name="LogInErrorValidation" time="7.260"/>
</testsuite> <!-- rahulshettyacademy.tests.ErrorValidation -->
